<?xml version="1.0" encoding="UTF-8"?>
<testng-results ignored="0" total="1" passed="1" failed="0" skipped="0">
  <reporter-output>
  </reporter-output>
  <suite started-at="2022-02-25T16:15:47 CET" name="Default suite" finished-at="2022-02-25T16:15:50 CET" duration-ms="2830">
    <groups>
      <group name="cucumber">
        <method signature="AbstractTestNGCucumberTests.feature(cucumber.api.testng.CucumberFeatureWrapper)[pri:0, instance:runner.TestRunner@4ec4f3a0]" name="feature" class="cucumber.api.testng.AbstractTestNGCucumberTests"/>
      </group> <!-- cucumber -->
    </groups>
    <test started-at="2022-02-25T16:15:47 CET" name="Default test" finished-at="2022-02-25T16:15:50 CET" duration-ms="2830">
      <class name="runner.TestRunner">
        <test-method is-config="true" signature="startDriver()[pri:0, instance:runner.TestRunner@4ec4f3a0]" started-at="2022-02-25T16:15:45 CET" name="startDriver" finished-at="2022-02-25T16:15:47 CET" duration-ms="2107" status="PASS">
          <reporter-output>
          </reporter-output>
        </test-method> <!-- startDriver -->
        <test-method is-config="true" signature="setUpClass()[pri:0, instance:runner.TestRunner@4ec4f3a0]" started-at="2022-02-25T16:15:47 CET" name="setUpClass" finished-at="2022-02-25T16:15:48 CET" duration-ms="133" status="PASS">
          <reporter-output>
          </reporter-output>
        </test-method> <!-- setUpClass -->
        <test-method signature="feature(cucumber.api.testng.CucumberFeatureWrapper)[pri:0, instance:runner.TestRunner@4ec4f3a0]" started-at="2022-02-25T16:15:48 CET" name="feature" description="Runs Cucumber Feature" data-provider="features" finished-at="2022-02-25T16:15:50 CET" duration-ms="2624" status="PASS">
          <params>
            <param index="0">
              <value>
                <![CDATA[Add Owner Test]]>
              </value>
            </param>
          </params>
          <reporter-output>
          </reporter-output>
        </test-method> <!-- feature -->
        <test-method is-config="true" signature="screenshotOnFailure(org.testng.ITestResult)[pri:0, instance:runner.TestRunner@4ec4f3a0]" started-at="2022-02-25T16:15:50 CET" name="screenshotOnFailure" finished-at="2022-02-25T16:15:50 CET" duration-ms="0" status="PASS">
          <params>
            <param index="0">
              <value>
                <![CDATA[[TestResult name=feature status=SUCCESS method=AbstractTestNGCucumberTests.feature(cucumber.api.testng.CucumberFeatureWrapper)[pri:0, instance:runner.TestRunner@4ec4f3a0] output={null}]]]>
              </value>
            </param>
          </params>
          <reporter-output>
          </reporter-output>
        </test-method> <!-- screenshotOnFailure -->
        <test-method is-config="true" signature="tearDownClass()[pri:0, instance:runner.TestRunner@4ec4f3a0]" started-at="2022-02-25T16:15:50 CET" name="tearDownClass" finished-at="2022-02-25T16:15:50 CET" duration-ms="9" status="PASS">
          <reporter-output>
          </reporter-output>
        </test-method> <!-- tearDownClass -->
        <test-method is-config="true" signature="stopDriver()[pri:0, instance:runner.TestRunner@4ec4f3a0]" started-at="2022-02-25T16:15:50 CET" name="stopDriver" finished-at="2022-02-25T16:15:51 CET" duration-ms="820" status="PASS">
          <reporter-output>
          </reporter-output>
        </test-method> <!-- stopDriver -->
      </class> <!-- runner.TestRunner -->
    </test> <!-- Default test -->
  </suite> <!-- Default suite -->
</testng-results>
